app/build/outputs/logs/manifest-merger-debug-report.txt
-- Merging decision tree log ---
manifest
ADDED from src\main\AndroidManifest.xml:2:1-84:12
	package
		ADDED from src\main\AndroidManifest.xml:3:5-25
		INJECTED from src\main\AndroidManifest.xml
		INJECTED from src\main\AndroidManifest.xml
	android:versionName
		ADDED from src\main\AndroidManifest.xml:5:5-30
		INJECTED from src\main\AndroidManifest.xml
		INJECTED from src\main\AndroidManifest.xml
	android:versionCode
		ADDED from src\main\AndroidManifest.xml:4:5-28
		INJECTED from src\main\AndroidManifest.xml
		INJECTED from src\main\AndroidManifest.xml
	xmlns:android
		ADDED from src\main\AndroidManifest.xml:2:11-69
uses-sdk
ADDED from src\main\AndroidManifest.xml:7:5-9:41
MERGED from [com.android.support:support-v4:22.2.1] AndroidManifest.xml:20:5-43
	android:targetSdkVersion
		ADDED from src\main\AndroidManifest.xml:9:9-38
		INJECTED from src\main\AndroidManifest.xml
		INJECTED from src\main\AndroidManifest.xml
	android:minSdkVersion
		ADDED from src\main\AndroidManifest.xml:8:9-35
		INJECTED from src\main\AndroidManifest.xml
		INJECTED from src\main\AndroidManifest.xml
uses-permission#android.permission.ACCESS_COARSE_LOCATION
ADDED from src\main\AndroidManifest.xml:12:2-78
	android:name
		ADDED from src\main\AndroidManifest.xml:12:19-75
uses-permission#android.permission.ACCESS_FINE_LOCATION
ADDED from src\main\AndroidManifest.xml:15:2-76
	android:name
		ADDED from src\main\AndroidManifest.xml:15:19-73
uses-permission#android.permission.ACCESS_WIFI_STATE
ADDED from src\main\AndroidManifest.xml:18:2-73
	android:name
		ADDED from src\main\AndroidManifest.xml:18:19-70
uses-permission#android.permission.ACCESS_NETWORK_STATE
ADDED from src\main\AndroidManifest.xml:21:2-76
	android:name
		ADDED from src\main\AndroidManifest.xml:21:19-73
uses-permission#android.permission.CHANGE_WIFI_STATE
ADDED from src\main\AndroidManifest.xml:24:2-73
	android:name
		ADDED from src\main\AndroidManifest.xml:24:19-70
uses-permission#android.permission.BLUETOOTH
ADDED from src\main\AndroidManifest.xml:27:2-64
	android:name
		ADDED from src\main\AndroidManifest.xml:27:19-62
uses-permission#android.permission.BLUETOOTH_ADMIN
ADDED from src\main\AndroidManifest.xml:30:2-70
	android:name
		ADDED from src\main\AndroidManifest.xml:30:19-68
uses-permission#android.permission.READ_PHONE_STATE
ADDED from src\main\AndroidManifest.xml:33:2-72
	android:name
		ADDED from src\main\AndroidManifest.xml:33:19-69
uses-permission#android.permission.WRITE_EXTERNAL_STORAGE
ADDED from src\main\AndroidManifest.xml:36:2-78
	android:name
		ADDED from src\main\AndroidManifest.xml:36:19-75
uses-permission#android.permission.INTERNET
ADDED from src\main\AndroidManifest.xml:39:2-64
	android:name
		ADDED from src\main\AndroidManifest.xml:39:19-61
uses-permission#android.permission.MOUNT_UNMOUNT_FILESYSTEMS
ADDED from src\main\AndroidManifest.xml:42:2-81
	android:name
		ADDED from src\main\AndroidManifest.xml:42:19-78
uses-permission#android.permission.READ_LOGS
ADDED from src\main\AndroidManifest.xml:45:2-65
	android:name
		ADDED from src\main\AndroidManifest.xml:45:19-62
uses-permission#android.permission.VIBRATE
ADDED from src\main\AndroidManifest.xml:48:2-63
	android:name
		ADDED from src\main\AndroidManifest.xml:48:19-60
uses-permission#android.permission.WAKE_LOCK
ADDED from src\main\AndroidManifest.xml:51:2-65
	android:name
		ADDED from src\main\AndroidManifest.xml:51:19-62
uses-permission#android.permission.WRITE_SETTINGS
ADDED from src\main\AndroidManifest.xml:54:2-70
	android:name
		ADDED from src\main\AndroidManifest.xml:54:19-67
application
ADDED from src\main\AndroidManifest.xml:57:5-82:19
MERGED from [com.android.support:support-v4:22.2.1] AndroidManifest.xml:22:5-20
	android:label
		ADDED from src\main\AndroidManifest.xml:60:9-41
	android:allowBackup
		ADDED from src\main\AndroidManifest.xml:58:9-35
	android:icon
		ADDED from src\main\AndroidManifest.xml:59:9-45
	android:theme
		ADDED from src\main\AndroidManifest.xml:61:9-40
meta-data#com.baidu.lbsapi.API_KEY
ADDED from src\main\AndroidManifest.xml:63:9-65:61
	android:value
		ADDED from src\main\AndroidManifest.xml:65:10-58
	android:name
		ADDED from src\main\AndroidManifest.xml:64:10-49
service#com.baidu.trace.LBSTraceService
ADDED from src\main\AndroidManifest.xml:67:6-71:16
	android:enabled
		ADDED from src\main\AndroidManifest.xml:69:10-32
	android:exported
		ADDED from src\main\AndroidManifest.xml:70:10-33
	android:name
		ADDED from src\main\AndroidManifest.xml:68:10-56
activity#com.blyang.MainActivity
ADDED from src\main\AndroidManifest.xml:73:9-81:20
	android:label
		ADDED from src\main\AndroidManifest.xml:75:13-45
	android:name
		ADDED from src\main\AndroidManifest.xml:74:13-51
intent-filter#android.intent.action.MAIN+android.intent.category.LAUNCHER
ADDED from src\main\AndroidManifest.xml:76:13-79:29
action#android.intent.action.MAIN
ADDED from src\main\AndroidManifest.xml:77:17-69
	android:name
		ADDED from src\main\AndroidManifest.xml:77:25-66
category#android.intent.category.LAUNCHER
ADDED from src\main\AndroidManifest.xml:78:17-77
	android:name
		ADDED from src\main\AndroidManifest.xml:78:27-74